{
  "RSpec": {
    "coverage": {
      "/home/dynamic-course-0343/tic-tac-toe-rb-online-web-sp-000/lib/tic_tac_toe.rb": [
        null,
        1,
        null,
        null,
        null,
        null,
        null,
        null,
        null,
        null,
        null,
        null,
        1,
        15,
        15,
        15,
        15,
        15,
        null,
        null,
        1,
        17,
        null,
        null,
        1,
        16,
        null,
        null,
        1,
        19,
        null,
        null,
        1,
        17,
        null,
        null,
        1,
        15,
        15,
        135,
        11,
        null,
        null,
        null,
        null,
        1,
        14,
        4,
        10,
        null,
        null,
        null,
        1,
        null,
        14,
        14,
        14,
        13,
        13,
        null,
        null,
        1,
        null,
        null,
        null,
        1,
        29,
        null,
        162,
        162,
        162,
        null,
        162,
        null,
        15,
        null,
        null,
        null,
        null,
        1,
        92,
        null,
        null,
        1,
        13,
        3,
        null,
        null,
        null,
        1,
        11,
        null,
        null,
        1,
        5,
        null,
        null,
        1,
        8,
        8,
        3,
        5,
        1,
        null,
        null
      ]
    },
    "timestamp": 1611701221
  }
}
