{
  "RSpec": {
    "coverage": {
      "/home/dynamic-course-0343/tic-tac-toe-rb-online-web-sp-000/lib/tic_tac_toe.rb": [
        null,
        1,
        null,
        null,
        null,
        null,
        null,
        null,
        null,
        null,
        null,
        null,
        1,
        4,
        4,
        4,
        4,
        4,
        null,
        null,
        1,
        6,
        null,
        null,
        1,
        5,
        null,
        null,
        1,
        8,
        null,
        null,
        1,
        6,
        null,
        null,
        1,
        4,
        4,
        36,
        5,
        null,
        null,
        null,
        null,
        1,
        3,
        0,
        3,
        null,
        null,
        null,
        1,
        null,
        3,
        3,
        3,
        2,
        2,
        null,
        null,
        1,
        null,
        null,
        null,
        1,
        15,
        null,
        106,
        106,
        106,
        null,
        106,
        null,
        7,
        null,
        null,
        null,
        null,
        1,
        66,
        null,
        null,
        1,
        9,
        3,
        null,
        null,
        null,
        1,
        3,
        null,
        null,
        1,
        3,
        null,
        null,
        1,
        2,
        2,
        0,
        2,
        2,
        null,
        null
      ]
    },
    "timestamp": 1611701035
  }
}
